GET /admin/admincontent 404 1472 - 26.774 ms
GET /admin/admincontent 200 11181 - 37.063 ms
GET /admin/images/message.svg 404 1472 - 5.928 ms
GET /admin/adminmoderate 500 1364 - 1.381 ms
GET /favicon.ico - - - - ms
GET /admin/adminmoderate 200 3954 - 1905.275 ms
GET /admin/images/message.svg 404 1472 - 5.918 ms
GET /admin/images/message.svg 404 1472 - 6.335 ms
GET /admin/adminmoderate 200 3954 - 30.928 ms
GET /admin/images/message.svg 404 1472 - 7.067 ms
GET /admin/adminmoderate 200 3954 - 6.385 ms
GET /admin/images/message.svg 404 1472 - 5.177 ms
GET /admin/admincontent 200 11181 - 2455.827 ms
GET /admin/images/message.svg 404 1472 - 7.185 ms
GET /admin/images/message.svg 404 1472 - 6.630 ms
GET /admin/admincontent 200 4170 - 1201.509 ms
GET /admin/images/message.svg 404 1472 - 4.823 ms
GET /admin/admincontent 200 3959 - 255.757 ms
GET /admin/images/message.svg 404 1472 - 6.473 ms
GET /admin/images/message.svg 404 1472 - 9.160 ms
GET /admin/admincontent 200 23347 - 1277.198 ms
GET /admin/images/message.svg 404 1472 - 3.762 ms
GET /admin/admincontent 200 6220 - 1098.094 ms
GET /admin/images/message.svg 404 1472 - 4.057 ms
GET /admin/admincontent 200 6668 - 1172.499 ms
GET /admin/images/message.svg 404 1472 - 4.620 ms
GET /admin/admincontent 200 6688 - 893.115 ms
GET /admin/images/message.svg 404 1472 - 3.840 ms
GET /admin/images/message.svg 404 1472 - 7.006 ms
GET /admin/admincontent 200 6705 - 249.315 ms
GET /admin/images/message.svg 404 1472 - 4.222 ms
GET /admin/images/message.svg 404 1472 - 4.794 ms
GET /admin/admincontent 304 - - 265.540 ms
GET /admin/images/message.svg 404 1472 - 6.424 ms
GET /admin/images/message.svg 404 1472 - 6.394 ms
GET /admin/admincontent 200 6740 - 904.882 ms
GET /admin/images/message.svg 404 1472 - 3.117 ms
GET /admin/admincontent 200 6742 - 1010.260 ms
GET /admin/images/message.svg 404 1472 - 3.820 ms
GET /admin/admincontent 200 6745 - 286.817 ms
GET /admin/images/message.svg 404 1472 - 4.587 ms
GET /admin/admincontent 200 6768 - 288.320 ms
GET /admin/images/message.svg 404 1472 - 5.468 ms
GET /admin/admincontent 200 7166 - 818.351 ms
GET /admin/images/message.svg 404 1472 - 4.272 ms
GET /admin/admincontent 200 7260 - 892.762 ms
GET /admin/images/message.svg 404 1551 - 4.158 ms
GET /admin/admincontent 304 - - 809.282 ms
GET /admin/images/message.svg 404 1551 - 6.623 ms
GET /admin/admincontent 200 7272 - 908.438 ms
GET /admin/images/message.svg 404 1551 - 3.304 ms
GET /admin/admincontent 304 - - 927.953 ms
GET /admin/images/message.svg 404 1551 - 3.469 ms
GET /admin/admincontent 304 - - 1047.258 ms
GET /admin/images/message.svg 404 1551 - 3.438 ms
GET /admin/admincontent 200 7316 - 1296.395 ms
GET /admin/images/message.svg 404 1551 - 3.593 ms
GET /admin/admincontent 200 7484 - 858.155 ms
GET /admin/images/message.svg 404 1551 - 4.198 ms
GET /admin/admincontent 200 7480 - 896.590 ms
GET /admin/images/message.svg 404 1551 - 3.936 ms
GET /admin/adminmoderate 200 4033 - 5.240 ms
GET /admin/images/message.svg 404 1551 - 4.660 ms
GET / 200 36275 - 1189.618 ms
GET /recipes/userrecipes 200 9213 - 168.810 ms
GET /recipes/images/message.svg 404 1551 - 4.078 ms
GET / 304 - - 451.546 ms
GET /cookbooks 200 9941 - 611.150 ms
GET /recipes/userrecipes 200 9213 - 199.005 ms
GET /recipes/images/message.svg 404 1551 - 7.248 ms
GET /recipes/userrecipes 200 8998 - 829.462 ms
GET /recipes/images/message.svg 404 1551 - 12.480 ms
GET /recipes/userrecipes 200 9266 - 642.834 ms
GET /recipes/images/message.svg 404 1551 - 6.030 ms
GET / 200 36275 - 621.286 ms
GET / 200 36215 - 663.294 ms
GET / 200 36216 - 812.812 ms
GET / 200 36215 - 245.961 ms
GET / 304 - - 983.289 ms
GET / 304 - - 902.256 ms
GET / 304 - - 615.104 ms
GET /recipes/userrecipes 200 9246 - 88.358 ms
GET /recipes/images/message.svg 404 1551 - 10.785 ms
GET / 304 - - 251.493 ms
GET /recipes/userrecipes 304 - - 82.462 ms
GET /recipes/images/message.svg 404 1551 - 7.850 ms
GET /recipes/userrecipes 500 1784 - 402.223 ms
GET /recipes/userrecipes 200 12466 - 561.067 ms
GET /recipes/images/message.svg 404 1551 - 12.679 ms
GET /recipes/images/message.svg 404 1551 - 20.688 ms
GET /recipes/userrecipes 200 12550 - 447.421 ms
GET /recipes/images/message.svg 404 1551 - 8.355 ms
GET /recipes/userrecipes 200 12559 - 538.991 ms
GET /recipes/images/message.svg 404 1551 - 10.571 ms
GET /recipes/userrecipes 200 12572 - 813.624 ms
GET /recipes/images/message.svg 404 1551 - 4.312 ms
GET /recipes/userrecipes 200 12652 - 486.927 ms
GET /recipes/images/message.svg 404 1551 - 9.054 ms
GET /recipes/userrecipes 200 12652 - 68.430 ms
GET /recipes/images/message.svg 404 1551 - 4.934 ms
GET /recipes/userrecipes 200 12692 - 101.373 ms
GET /recipes/images/message.svg 404 1551 - 11.571 ms
GET /recipes/userrecipes 200 12652 - 78.053 ms
GET /recipes/images/message.svg 404 1551 - 6.412 ms
GET /recipes/userrecipes 200 12662 - 549.462 ms
GET /recipes/images/message.svg 404 1551 - 3.926 ms
GET /recipes/userrecipes 304 - - 79.756 ms
GET /recipes/images/message.svg 404 1551 - 4.329 ms
GET /recipes/userrecipes 200 12702 - 101.231 ms
GET /recipes/images/message.svg 404 1551 - 8.194 ms
GET /cookbooks 200 9921 - 103.898 ms
GET / 304 - - 369.855 ms
GET /cookbooks 304 - - 105.949 ms
GET /cookbooks 200 9921 - 764.041 ms
GET /recipes/userrecipes 304 - - 99.997 ms
GET /recipes/images/message.svg 404 1551 - 7.802 ms
GET /recipes/userrecipes 200 12692 - 885.351 ms
GET /recipes/images/message.svg 404 1551 - 12.250 ms
GET /recipes/images/message.svg 404 1551 - 26.754 ms
GET /recipes/userrecipes 304 - - 413.474 ms
GET /recipes/images/message.svg 404 1551 - 9.020 ms
GET /recipes/images/message.svg 404 1551 - 17.069 ms
GET / 304 - - 238.032 ms
GET /? 200 36215 - 227.898 ms
GET /recipes/add 200 4923 - 167.764 ms
GET /recipes/images/message.svg 404 1551 - 11.105 ms
GET /recipes/images/message.svg 404 1551 - 14.884 ms
GET / 304 - - 349.566 ms
GET /recipes/userrecipes 304 - - 88.373 ms
GET /recipes/images/message.svg 404 1551 - 5.554 ms
GET /recipes/delete/9 404 1551 - 11.057 ms
GET /recipes/delete/9 404 1551 - 35.099 ms
GET / 304 - - 1185.739 ms
GET /recipes/userrecipes 200 12678 - 131.628 ms
GET /recipes/images/message.svg 404 1551 - 10.151 ms
GET /recipes/delete/9 404 1551 - 14.288 ms
GET /recipes/userrecipes 200 13038 - 1180.556 ms
GET /recipes/images/message.svg 404 1551 - 10.337 ms
GET /recipes/delete/9 404 1551 - 16.640 ms
GET /favicon.ico - - - - ms
GET /recipes/userrecipes 304 - - 2160.125 ms
GET /recipes/images/message.svg 404 1551 - 22.683 ms
GET /recipes/update 404 1551 - 17.999 ms
GET /favicon.ico - - - - ms
GET /recipes/userrecipes 304 - - 469.822 ms
GET /recipes/images/message.svg 404 1551 - 11.097 ms
GET /cookbooks 200 9921 - 114.169 ms
GET /cookbooks 200 9921 - 486.845 ms
GET /cookbooks 200 9925 - 582.731 ms
GET /cookbooks 200 13038 - 697.619 ms
GET /cookbooks 200 12553 - 727.837 ms
GET /cookbooks 200 12973 - 816.587 ms
GET /cookbooks 200 12723 - 110.316 ms
GET /recipes/userrecipes 304 - - 580.321 ms
GET /recipes/images/message.svg 404 1551 - 12.025 ms
GET /admin/adminmoderate 200 4033 - 34.787 ms
GET /admin/images/message.svg 404 1551 - 10.630 ms
GET /admin/images/message.svg 404 1551 - 11.612 ms
GET / 304 - - 756.911 ms
GET / 200 36159 - 660.231 ms
GET / 200 36190 - 815.221 ms
GET / 200 36215 - 761.194 ms
GET / 200 36237 - 932.480 ms
GET / 200 36232 - 576.319 ms
GET / 304 - - 1112.424 ms
GET / 200 36227 - 613.278 ms
GET / 200 36191 - 799.995 ms
GET / 200 36181 - 314.059 ms
GET / 200 36236 - 607.013 ms
GET /admin/admincontent 200 7480 - 655.032 ms
GET /admin/images/message.svg 404 1551 - 10.322 ms
GET / 304 - - 614.783 ms
GET /admin/adminmoderate 304 - - 23.187 ms
GET /admin/images/message.svg 404 1551 - 8.795 ms
GET / 304 - - 554.753 ms
GET /admin/admincontent 304 - - 472.044 ms
GET /admin/images/message.svg 404 1551 - 8.692 ms
GET /admin/images/message.svg 404 1551 - 7.543 ms
GET /admin/admincontent 304 - - 697.971 ms
GET /admin/images/message.svg 404 1551 - 4.058 ms
GET / 200 36243 - 312.349 ms
GET / 200 36250 - 327.457 ms
GET /admin/admincontent 304 - - 207.885 ms
GET /admin/images/message.svg 404 1551 - 8.979 ms
GET /admin/adminmoderate 304 - - 10.916 ms
GET /admin/images/message.svg 404 1551 - 9.378 ms
GET / 304 - - 469.290 ms
GET /recipes/add 200 4923 - 630.904 ms
GET /recipes/images/message.svg 404 1551 - 7.180 ms
GET /recipes/add 304 - - 456.805 ms
GET /recipes/images/message.svg 404 1551 - 12.994 ms
GET /recipes/images/message.svg 404 1551 - 14.487 ms
GET /recipes/add - - - - ms
GET /recipes/add 304 - - 123.301 ms
GET /recipes/images/message.svg 404 1551 - 14.106 ms
GET /recipes/add 304 - - 116.660 ms
GET /recipes/images/message.svg 404 1551 - 8.924 ms
GET /recipes/images/message.svg 404 1551 - 14.905 ms
GET /logout 302 56 - 89.584 ms
GET /login 200 2432 - 7.336 ms
POST /login 302 46 - 697.236 ms
GET / 200 36250 - 236.699 ms
GET /recipes/add 304 - - 118.503 ms
GET /recipes/images/message.svg 404 1551 - 9.347 ms
GET /recipes/images/message.svg 404 1551 - 17.231 ms
GET /recipes/add 304 - - 698.141 ms
GET /recipes/images/message.svg 404 1551 - 11.388 ms
GET /recipes/images/message.svg 404 1551 - 13.117 ms
GET /recipes/add 304 - - 788.385 ms
GET /recipes/images/message.svg 404 1551 - 8.074 ms
GET /recipes/add 304 - - 175.770 ms
GET /recipes/images/message.svg 404 1551 - 11.863 ms
GET /recipes/add 304 - - 201.420 ms
GET /recipes/images/message.svg 404 1551 - 11.312 ms
GET /recipes/images/message.svg 404 1551 - 24.106 ms
GET /favicon.ico - - - - ms
GET /recipes/add 304 - - 148.194 ms
GET /recipes/images/message.svg 404 1551 - 9.986 ms
GET /recipes/add 200 4943 - 781.828 ms
GET /recipes/images/message.svg 404 1551 - 13.810 ms
GET /recipes/images/message.svg 404 1551 - 12.452 ms
GET /recipes/add 200 4955 - 459.761 ms
GET /recipes/images/message.svg 404 1551 - 10.506 ms
GET /recipes/images/message.svg 404 1551 - 18.002 ms
GET /recipes/add 200 4946 - 751.808 ms
GET /recipes/images/message.svg 404 1551 - 8.561 ms
GET /recipes/images/message.svg 404 1551 - 13.605 ms
GET /recipes/add 200 4946 - 988.675 ms
GET /recipes/images/message.svg 404 1551 - 11.544 ms
GET /recipes/images/message.svg 404 1551 - 15.845 ms
GET /recipes/add 200 4946 - 131.703 ms
GET /recipes/images/message.svg 404 1551 - 10.984 ms
GET /recipes/images/message.svg 404 1551 - 13.225 ms
GET /recipes/add 200 4907 - 627.352 ms
GET /recipes/images/message.svg 404 1551 - 6.073 ms
GET /recipes/add 200 4907 - 592.389 ms
GET /recipes/images/message.svg 404 1551 - 8.152 ms
GET /recipes/add 200 4930 - 593.351 ms
GET /recipes/images/message.svg 404 1551 - 9.719 ms
GET /recipes/add 200 4955 - 1025.822 ms
GET /recipes/images/message.svg 404 1551 - 6.888 ms
GET /recipes/add 200 4981 - 115.337 ms
GET /recipes/images/message.svg 404 1551 - 9.481 ms
GET /recipes/add 200 5088 - 644.383 ms
GET /recipes/images/message.svg 404 1551 - 16.162 ms
GET /recipes/add 304 - - 534.626 ms
GET /recipes/images/message.svg 404 1551 - 6.151 ms
GET /recipes/add 304 - - 607.389 ms
GET /recipes/images/message.svg 404 1551 - 8.793 ms
GET /recipes/add 304 - - 145.992 ms
GET /recipes/images/message.svg 404 1551 - 15.769 ms
GET /recipes/add 304 - - 453.276 ms
GET /recipes/images/message.svg 404 1551 - 4.674 ms
GET /recipes/add 200 5088 - 133.439 ms
GET /recipes/images/message.svg 404 1551 - 10.120 ms
GET /recipes/add 200 5088 - 568.833 ms
GET /recipes/images/message.svg 404 1551 - 7.247 ms
GET /recipes/add 200 5088 - 591.892 ms
GET /recipes/images/message.svg 404 1551 - 7.386 ms
GET /recipes/add 304 - - 566.428 ms
GET /recipes/images/message.svg 404 1551 - 15.295 ms
GET /recipes/add 200 5088 - 126.523 ms
GET /recipes/images/message.svg 404 1551 - 11.790 ms
GET /recipes/add 200 5116 - 876.979 ms
GET /recipes/images/message.svg 404 1551 - 7.763 ms
GET /recipes/add 304 - - 145.052 ms
GET /recipes/images/message.svg 404 1551 - 6.366 ms
GET /recipes/add 200 5088 - 148.837 ms
GET /recipes/images/message.svg 404 1551 - 10.948 ms
GET / 304 - - 659.337 ms
GET / 304 - - 667.461 ms
GET /cookbooks 304 - - 98.188 ms
GET /recipes/userrecipes 304 - - 106.759 ms
GET /recipes/images/message.svg 404 1551 - 7.836 ms
GET / 304 - - 262.517 ms
GET /recipes/add 304 - - 200.933 ms
GET /recipes/images/message.svg 404 1551 - 8.425 ms
GET /recipes/add 200 5069 - 803.080 ms
GET /recipes/images/message.svg 404 1551 - 7.326 ms
GET /recipes/add 304 - - 121.107 ms
GET /recipes/images/message.svg 404 1551 - 11.991 ms
GET /recipes/add 200 5069 - 142.469 ms
GET /recipes/images/message.svg 404 1551 - 11.648 ms
GET /recipes/images/message.svg 404 1551 - 12.796 ms
GET /recipes/add 200 5069 - 121.244 ms
GET /recipes/images/message.svg 404 1551 - 9.042 ms
GET /recipes/add 304 - - 159.659 ms
GET /recipes/images/message.svg 404 1551 - 7.075 ms
GET /recipes/add 304 - - 759.879 ms
GET /recipes/images/message.svg 404 1551 - 5.631 ms
GET /recipes/add 200 5089 - 488.441 ms
GET /recipes/images/message.svg 404 1551 - 5.400 ms
GET /recipes/add 200 5090 - 122.175 ms
GET /recipes/images/message.svg 404 1551 - 7.141 ms
GET /recipes/add 200 5105 - 516.548 ms
GET /recipes/images/message.svg 404 1551 - 9.991 ms
GET /recipes/add 200 5117 - 140.256 ms
GET /recipes/images/message.svg 404 1551 - 9.663 ms
GET /recipes/add 304 - - 201.612 ms
GET /recipes/images/message.svg 404 1551 - 5.924 ms
GET /recipes/add 200 5147 - 726.816 ms
GET /recipes/images/message.svg 404 1551 - 5.819 ms
GET /recipes/add 200 5133 - 224.305 ms
GET /recipes/images/message.svg 404 1551 - 10.133 ms
GET /recipes/add 304 - - 918.654 ms
GET /recipes/images/message.svg 404 1551 - 5.668 ms
GET /recipes/add 304 - - 189.811 ms
GET /recipes/images/message.svg 404 1551 - 7.705 ms
GET /recipes/add 304 - - 113.070 ms
GET /recipes/images/message.svg 404 1551 - 10.850 ms
GET /recipes/add 304 - - 200.253 ms
GET /recipes/images/message.svg 404 1551 - 8.289 ms
GET /recipes/add 304 - - 558.489 ms
GET /recipes/images/message.svg 404 1551 - 5.884 ms
GET /recipes/add 304 - - 1013.064 ms
GET /recipes/add 304 - - 283.334 ms
GET /recipes/images/message.svg 404 1551 - 8.054 ms
GET /recipes/add 200 5112 - 328.362 ms
GET /recipes/images/message.svg 404 1551 - 4.379 ms
GET /recipes/add 304 - - 618.181 ms
GET /recipes/images/message.svg 404 1551 - 11.312 ms
GET /recipes/add 304 - - 1498.066 ms
GET /recipes/images/message.svg 404 1551 - 4.011 ms
GET /recipes/add 304 - - 241.210 ms
GET /recipes/images/message.svg 404 1551 - 4.623 ms
GET /recipes/add 200 5112 - 2292.957 ms
GET /recipes/images/message.svg 404 1551 - 9.925 ms
GET /recipes/add 304 - - 1174.728 ms
GET /recipes/images/message.svg 404 1551 - 3.621 ms
GET /recipes/add 304 - - 1346.907 ms
GET /recipes/images/message.svg 404 1551 - 10.142 ms
GET /recipes/add 304 - - 847.268 ms
GET /recipes/images/message.svg 404 1551 - 7.786 ms
GET /recipes/add 200 5112 - 2350.822 ms
GET /recipes/images/message.svg 404 1551 - 4.837 ms
GET /recipes/add 304 - - 1152.206 ms
GET /recipes/images/message.svg 404 1551 - 11.572 ms
GET /recipes/add 304 - - 1626.087 ms
GET /recipes/images/message.svg 404 1551 - 11.224 ms
GET /recipes/add 200 5097 - 973.906 ms
GET /recipes/images/message.svg 404 1551 - 5.276 ms
GET /recipes/add 200 5075 - 2263.564 ms
GET /recipes/images/message.svg 404 1551 - 10.114 ms
GET /recipes/add 304 - - 2069.018 ms
GET /recipes/images/message.svg 404 1551 - 6.066 ms
GET /recipes/add - - - - ms
GET /recipes/add 304 - - 594.097 ms
GET /recipes/images/message.svg 404 1551 - 4.613 ms
GET /recipes/add 304 - - 186.981 ms
GET /recipes/images/message.svg 404 1551 - 8.470 ms
GET /recipes/add 304 - - 1723.350 ms
GET /recipes/images/message.svg 404 1551 - 7.433 ms
GET /recipes/add 304 - - 2174.740 ms
GET /recipes/images/message.svg 404 1551 - 5.327 ms
GET /recipes/add 304 - - 1429.318 ms
GET /recipes/images/message.svg 404 1551 - 9.532 ms
POST /recipes/add 400 161 - 16.042 ms
GET /recipes/add 200 5075 - 1262.222 ms
POST /recipes/add 400 29 - 13.326 ms
GET /recipes/add 200 5075 - 3069.932 ms
GET /recipes/add 200 5060 - 465.662 ms
GET /recipes/images/message.svg 404 1551 - 12.113 ms
POST /recipes/add 200 164 - 752.564 ms
GET / 200 40009 - 767.680 ms
GET /recipes/get/27 200 4576 - 403.244 ms
GET /recipes/get/images/message.svg 404 1551 - 10.079 ms
GET /recipes/get/images/message.svg 404 1551 - 27.158 ms
GET / 304 - - 2238.699 ms
GET /recipes/add 200 5060 - 293.328 ms
GET /recipes/images/message.svg 404 1551 - 10.190 ms
GET /recipes/add 200 5090 - 855.192 ms
GET /recipes/images/message.svg 404 1551 - 8.329 ms
GET /recipes/add 304 - - 1168.557 ms
GET /recipes/images/message.svg 404 1551 - 12.237 ms
GET /recipes/add 304 - - 1708.255 ms
GET /recipes/images/message.svg 404 1551 - 7.892 ms
GET /recipes/add 304 - - 350.730 ms
GET /recipes/images/message.svg 404 1551 - 13.007 ms
GET /recipes/add 304 - - 291.049 ms
GET /recipes/images/message.svg 404 1551 - 7.668 ms
GET /recipes/add 304 - - 1170.148 ms
GET /recipes/images/message.svg 404 1551 - 6.083 ms
GET /recipes/add 304 - - 710.190 ms
GET /recipes/images/message.svg 404 1551 - 10.822 ms
GET /recipes/add 304 - - 939.489 ms
GET /recipes/images/message.svg 404 1551 - 5.805 ms
GET /recipes/add 200 5090 - 1709.189 ms
GET /recipes/images/message.svg 404 1551 - 14.591 ms
GET /recipes/add 304 - - 1488.524 ms
GET /recipes/images/message.svg 404 1551 - 12.002 ms
GET / 304 - - 659.575 ms
GET / 500 - - 7.328 ms
GET / 500 - - 3.895 ms
GET / 500 - - 3.735 ms
GET / 500 - - 2.652 ms
GET / 500 - - 3.241 ms
GET / 500 - - 2.266 ms
GET / 500 - - 1.372 ms
GET / 500 1089 - 28.766 ms
GET / 500 1089 - 4.718 ms
GET / 500 1089 - 4.489 ms
GET / 500 1089 - 3.031 ms
GET / 500 1089 - 2.879 ms
GET / 500 1089 - 4.647 ms
GET / 500 1089 - 4.160 ms
GET / 500 1089 - 3.584 ms
GET / 500 1089 - 3.163 ms
GET / 500 1089 - 4.258 ms
GET / 500 1089 - 3.061 ms
GET / 500 1089 - 4.018 ms
GET / 500 1089 - 3.545 ms
GET / 500 1089 - 2.885 ms
GET / 500 1089 - 3.819 ms
GET / 500 1089 - 3.830 ms
GET / 500 1089 - 3.486 ms
GET / 500 1089 - 3.632 ms
GET / 200 40035 - 3056.968 ms
GET / 200 40039 - 1389.418 ms
GET / 304 - - 2109.958 ms
GET / 200 40052 - 2767.682 ms
GET / 200 40047 - 2723.455 ms
GET / 304 - - 1573.563 ms
GET / 200 40055 - 2354.043 ms
GET /recipes/add 200 5085 - 471.463 ms
GET /recipes/images/message.svg 404 1551 - 12.883 ms
GET /recipes/userrecipes 200 14810 - 1419.624 ms
GET /recipes/images/message.svg 404 1551 - 13.413 ms
GET /recipes/userrecipes 200 14809 - 1642.458 ms
GET /recipes/images/message.svg 404 1551 - 5.483 ms
GET /recipes/add 304 - - 249.391 ms
GET /recipes/images/message.svg 404 1551 - 13.451 ms
GET / 304 - - 605.054 ms
GET /logout 500 488 - 10022.794 ms
GET /logout - - - - ms
GET /LOGIN 200 2432 - 15.629 ms
GET /LOGIN 200 2432 - 5.117 ms
GET /LOGIN 200 2436 - 11.862 ms
GET /LOGIN 304 - - 12.933 ms
GET /LOGIN 200 2457 - 13.711 ms
POST /login 500 486 - 10846.311 ms
GET / 200 40055 - 1772.777 ms
GET /? 200 40055 - 591.898 ms
GET /? 304 - - 670.961 ms
GET /? 304 - - 470.898 ms
GET /recipes/userrecipes 200 14809 - 966.410 ms
GET /recipes/images/message.svg 404 1551 - 8.985 ms
GET /cookbooks 200 14451 - 197.392 ms
GET / 304 - - 666.268 ms
GET / 500 1746 - 2480.701 ms
GET / 200 40037 - 2090.756 ms
GET /styles/account-dropdown.css 404 1509 - 14.395 ms
GET / 304 - - 2901.087 ms
GET / 200 39940 - 1861.438 ms
GET / 304 - - 721.737 ms
GET / 304 - - 1640.608 ms
GET / 304 - - 649.026 ms
GET / 200 39778 - 1634.261 ms
GET / 200 39759 - 2487.131 ms
GET /recipes/add 200 5022 - 1816.256 ms
GET / 200 39733 - 1828.849 ms
GET /recipes/get/9 200 5817 - 1199.872 ms
GET /recipes/get/9 200 5816 - 3014.851 ms
GET /recipes/get/9 304 - - 222.332 ms
GET / 200 39579 - 1054.307 ms
GET /recipes/get/9 200 5885 - 1298.012 ms
GET /recipes/get/9 304 - - 659.826 ms
GET /recipes/get/9 200 5955 - 1592.637 ms
GET / - - - - ms
GET / 304 - - 805.841 ms
GET /admin/admincontent 200 7413 - 822.184 ms
GET / 304 - - 776.969 ms
GET /admin/adminmoderate 200 3967 - 17.402 ms
GET / 304 - - 996.292 ms
GET /recipes/get/9 304 - - 166.140 ms
GET /recipes/add 200 5021 - 1702.524 ms
GET / 304 - - 1754.609 ms
GET /logout 302 56 - 294.818 ms
GET /login 200 2414 - 13.736 ms
POST /login 302 46 - 1970.772 ms
GET / 200 39579 - 821.963 ms
GET /recipes/userrecipes - - - - ms
GET /recipes/userrecipes 200 14658 - 542.174 ms
GET /recipes/delete/9 404 1508 - 16.688 ms
GET /favicon.ico - - - - ms
GET / 304 - - 2479.708 ms
GET /recipes/get/9 200 5955 - 269.523 ms
GET / 304 - - 1718.771 ms
GET / 304 - - 2457.948 ms
GET /? 200 39579 - 3331.893 ms
GET /?meal=lunch,dinner 200 35862 - 2425.898 ms
GET /?meal=lunch,dinner&category=salat 200 24747 - 2553.012 ms
GET /recipes/get/9 304 - - 1244.145 ms
GET /favicon.ico - - - - ms
GET /recipes/get/9 200 5955 - 999.428 ms
GET /admin/adminmoderate 200 3967 - 23.919 ms
GET / 304 - - 1644.379 ms
GET /? 304 - - 650.785 ms
GET /? 304 - - 874.387 ms
GET /? 304 - - 1108.113 ms
GET /? 304 - - 1165.974 ms
GET /admin/admincontent 200 7421 - 776.993 ms
GET / 200 39579 - 755.703 ms
GET /admin/adminmoderate 200 3967 - 20.049 ms
GET / 304 - - 870.060 ms
GET /admin/adminmoderate 304 - - 47.192 ms
GET /cookbooks 200 14152 - 1030.244 ms
GET / 200 39579 - 227.058 ms
GET /recipes/userrecipes 200 14369 - 69.120 ms
GET /cookbooks 304 - - 65.367 ms
GET /logout 302 56 - 48.443 ms
GET /login 200 2367 - 7.197 ms
POST /login 302 46 - 206.769 ms
GET / 200 39579 - 231.046 ms
GET / 304 - - 231.480 ms
GET /admin/admincontent 200 7413 - 160.371 ms
GET /admin/adminmoderate 200 3921 - 7.480 ms
GET /? 200 39579 - 215.044 ms
GET /recipes/add 200 5021 - 504.714 ms
GET / 304 - - 231.493 ms
GET /recipes/userrecipes 200 14411 - 1066.955 ms
GET /recipes/userrecipes 304 - - 1127.892 ms
GET /recipes/userrecipes 304 - - 1068.148 ms
GET /recipes/userrecipes 200 14415 - 483.861 ms
GET /recipes/userrecipes 304 - - 78.970 ms
GET /recipes/userrecipes 200 14431 - 434.173 ms
GET / 200 39612 - 220.783 ms
GET /userrecipes 404 1550 - 4.691 ms
GET /userrecipes 404 1550 - 73.183 ms
GET /favicon.ico - - - - ms
GET /userrecipes 404 1550 - 6.321 ms
GET /userrecipes 200 14431 - 1027.344 ms
GET /userrecipes 200 14455 - 478.955 ms
GET /userrecipes 304 - - 1128.317 ms
GET /userrecipes 200 15176 - 1091.592 ms
GET /userrecipes/delete/23 404 1550 - 7.316 ms
GET /userrecipes/delete/23 404 1550 - 28.643 ms
GET /userrecipes 200 15176 - 956.317 ms
GET /userrecipes 304 - - 1056.924 ms
GET /userrecipes 304 - - 448.209 ms
GET /userrecipes/delete/9 404 1550 - 4.356 ms
GET /userrecipes 200 14924 - 458.920 ms
GET /userrecipes 200 15164 - 428.370 ms
GET /userrecipes 200 15170 - 65.302 ms
GET /userrecipes 200 15230 - 62.923 ms
GET /userrecipes 200 15009 - 462.170 ms
GET /userrecipes 200 15052 - 507.557 ms
GET /userrecipes 200 15055 - 459.317 ms
GET /userrecipes 304 - - 1077.576 ms
GET /userrecipes 304 - - 77.101 ms
GET /userrecipes 304 - - 1043.348 ms
DELETE /userrecipes/delete/9 200 1107 - 110.197 ms
GET /userrecipes 200 12842 - 75.151 ms
GET / 200 34801 - 232.014 ms
GET /cookbooks 200 12677 - 444.881 ms
GET /userrecipes 200 12842 - 64.832 ms
DELETE /userrecipes/delete/24 200 139 - 106.922 ms
GET /userrecipes 200 11049 - 62.183 ms
GET /userrecipes 200 11029 - 1012.220 ms
DELETE /userrecipes/delete/25 200 151 - 116.441 ms
GET /userrecipes 200 9232 - 71.879 ms
GET /userrecipes 304 - - 1049.880 ms
DELETE /userrecipes/delete/26 200 143 - 114.773 ms
GET /userrecipes 200 7443 - 85.225 ms
GET /userrecipes 200 7448 - 956.476 ms
GET /userrecipes 304 - - 63.965 ms
DELETE /userrecipes/delete/27 200 164 - 97.829 ms
GET /userrecipes 200 5651 - 64.681 ms
GET / 200 19984 - 210.063 ms
GET /userrecipes 304 - - 60.655 ms
GET /userrecipes 200 5651 - 510.900 ms
GET / 200 19984 - 242.391 ms
GET /recipes/add 200 5101 - 126.862 ms
